This is pdfTeX, Version 3.1415926-2.4-1.40.13 (MiKTeX 2.9) (preloaded format=pdflatex 2013.9.9)  12 DEC 2014 21:19
entering extended mode
**editedpaper.tex
(C:\Users\Liza\Documents\GitHub\PhotonInterferenceLab\Paper\editedpaper.tex
LaTeX2e <2011/06/27>
Babel <v3.8m> and hyphenation patterns for english, afrikaans, ancientgreek, ar
abic, armenian, assamese, basque, bengali, bokmal, bulgarian, catalan, coptic, 
croatian, czech, danish, dutch, esperanto, estonian, farsi, finnish, french, ga
lician, german, german-x-2012-05-30, greek, gujarati, hindi, hungarian, iceland
ic, indonesian, interlingua, irish, italian, kannada, kurmanji, latin, latvian,
 lithuanian, malayalam, marathi, mongolian, mongolianlmc, monogreek, ngerman, n
german-x-2012-05-30, nynorsk, oriya, panjabi, pinyin, polish, portuguese, roman
ian, russian, sanskrit, serbian, slovak, slovenian, spanish, swedish, swissgerm
an, tamil, telugu, turkish, turkmen, ukenglish, ukrainian, uppersorbian, usengl
ishmax, welsh, loaded.
("C:\Program Files (x86)\MiKTeX 2.9\tex\latex\revtex\revtex4-1.cls"
Document Class: revtex4-1 2010/07/25/20:33:00 4.1r (http://publish.aps.org/revt
ex4/ for documentation)
 Copyright (c) 2009 The American Physical Society.
 mailto:revtex@aps.org
 Licensed under the LPPL:
http://www.ctan.org/tex-archive/macros/latex/base/lppl.txt
 Arthur Ogawa <arthur_ogawa at sbcglobal dot net>
 Based on work by David Carlisle <david at dcarlisle.demon.co.uk>.
ltxutil[2010/07/25/20:33:00 4.1r utilities package (portions licensed from W. E
. Baxter web at superscript.com)]
LaTeX Info: Redefining \@centercr on input line 308.
Class revtex4-1 Info: Repairing broken LaTeX eqnarray on input line 358.
\eqncolsep=\skip41
Class revtex4-1 Info: Repairing hyperref-unfriendly LaTeX definition of \mpfoot
note on input line 433.
Class revtex4-1 Info: Repairing broken LateX \@sect on input line 755.
\intertabularlinepenalty=\count79
\@tbpen=\count80
\@arstrutbox@hline=\box26
Class revtex4-1 Info: Repairing broken LaTeX \@xbitor on input line 1786.
Class revtex4-1 Info: Making \typeout \long on input line 2046.
ltxfront[2010/07/25/20:33:00 4.1r frontmatter package (AO,DPC)]
\c@affil=\count81
\c@collab=\count82
\absbox=\box27
ltxgrid[2010/07/25/20:33:00 4.1r page grid package (portions licensed from W. E
. Baxter web at superscript.com)]
\c@linecount=\count83
\output@latex=\toks14
\box@size@1=\box28
\box@size@2=\box29
\@protection@box=\box30
\@topmark@saved=\toks15
\footins@saved=\box31
\footins@recovered=\box32
\column@recovered=\box33
\pagesofar=\box34
\footsofar=\box35
\pagegrid@col=\count84
Class revtex4-1 Info: Overriding \@vspace, \@vspacer, \@no@pgbk, \@newline, and
 \\  on input line 5578.
\c@part=\count85
\c@section=\count86
\c@subsection=\count87
\c@subsubsection=\count88
\c@paragraph=\count89
\c@subparagraph=\count90
\abovecaptionskip=\skip42
\belowcaptionskip=\skip43
\c@figure=\count91
\fbox@1=\box36
\c@table=\count92
\fbox@2=\box37
\c@video=\count93
\fbox@4=\box38
\@bibdataout=\write3
\widetext@top=\box39
\widetext@bot=\box40

Class revtex4-1 Warning: No Society specified, using default society aps.

("C:\Program Files (x86)\MiKTeX 2.9\tex\latex\revtex\aps4-1.rtx"
File: aps4-1 2010/07/25/20:33:00 4.1r (http://publish.aps.org/revtex4/ for docu
mentation)
Class revtex4-1 Info: RevTeX society APS selected on input line 31.
)
Class revtex4-1 Info: Selecting journal prb on input line 7544.
Class revtex4-1 Info: APS journal PRB selected on input line 7545.

("C:\Program Files (x86)\MiKTeX 2.9\tex\latex\revtex\aps12pt4-1.rtx"
File: aps12pt4-1 2010/07/25/20:33:00 4.1r (http://publish.aps.org/revtex4/ for 
documentation)
Class revtex4-1 Info: RevTeX pointsize 12pt selected on input line 30.
)
("C:\Program Files (x86)\MiKTeX 2.9\tex\latex\textcase\textcase.sty"
Package: textcase 2004/10/07 v0.07 Text only upper/lower case changing (DPC)
)
("C:\Program Files (x86)\MiKTeX 2.9\tex\latex\ltxmisc\url.sty"
\Urlmuskip=\muskip10
Package: url 2006/04/12  ver 3.3  Verb mode for urls, etc.
)
("C:\Program Files (x86)\MiKTeX 2.9\tex\latex\natbib\natbib.sty"
Package: natbib 2010/09/13 8.31b (PWD, AO)
\bibhang=\skip44
\bibsep=\skip45
LaTeX Info: Redefining \cite on input line 694.
\c@NAT@ctr=\count94
)
Class revtex4-1 Info: Repairing natbib's \BibitemShut on input line 7549.

("C:\Program Files (x86)\MiKTeX 2.9\tex\latex\revtex\revsymb4-1.sty"
Package: revsymb4-1 2010/07/25/20:33:00 4.1r (http://publish.aps.org/revtex4/ f
or documentation)
LaTeX Info: Redefining \REV@mathfrak on input line 119.
))
("C:\Program Files (x86)\MiKTeX 2.9\tex\latex\amsmath\amsmath.sty"
Package: amsmath 2013/01/14 v2.14 AMS math features
\@mathmargin=\skip46

For additional information on amsmath, use the `?' option.
("C:\Program Files (x86)\MiKTeX 2.9\tex\latex\amsmath\amstext.sty"
Package: amstext 2000/06/29 v2.01

("C:\Program Files (x86)\MiKTeX 2.9\tex\latex\amsmath\amsgen.sty"
File: amsgen.sty 1999/11/30 v2.0
\@emptytoks=\toks16
\ex@=\dimen102
)
LaTeX Info: Redefining \text on input line 39.
)
("C:\Program Files (x86)\MiKTeX 2.9\tex\latex\amsmath\amsbsy.sty"
Package: amsbsy 1999/11/29 v1.2d
\pmbraise@=\dimen103
)
("C:\Program Files (x86)\MiKTeX 2.9\tex\latex\amsmath\amsopn.sty"
Package: amsopn 1999/12/14 v2.01 operator names
)
\inf@bad=\count95
LaTeX Info: Redefining \frac on input line 210.
\uproot@=\count96
\leftroot@=\count97
LaTeX Info: Redefining \overline on input line 306.
\classnum@=\count98
\DOTSCASE@=\count99
LaTeX Info: Redefining \ldots on input line 378.
LaTeX Info: Redefining \dots on input line 381.
LaTeX Info: Redefining \cdots on input line 466.
\Mathstrutbox@=\box41
\strutbox@=\box42
\big@size=\dimen104
LaTeX Font Info:    Redeclaring font encoding OML on input line 566.
LaTeX Font Info:    Redeclaring font encoding OMS on input line 567.
\macc@depth=\count100
\c@MaxMatrixCols=\count101
\dotsspace@=\muskip11
\c@parentequation=\count102
\dspbrk@lvl=\count103
\tag@help=\toks17
\row@=\count104
\column@=\count105
\maxfields@=\count106
\andhelp@=\toks18
\eqnshift@=\dimen105
\alignsep@=\dimen106
\tagshift@=\dimen107
\tagwidth@=\dimen108
\totwidth@=\dimen109
\lineht@=\dimen110
\@envbody=\toks19
\multlinegap=\skip47
\multlinetaggap=\skip48
\mathdisplay@stack=\toks20
LaTeX Info: Redefining \[ on input line 2665.
LaTeX Info: Redefining \] on input line 2666.
)
("C:\Program Files (x86)\MiKTeX 2.9\tex\latex\amsfonts\amsfonts.sty"
Package: amsfonts 2013/01/14 v3.01 Basic AMSFonts support
\symAMSa=\mathgroup4
\symAMSb=\mathgroup5
LaTeX Font Info:    Overwriting math alphabet `\mathfrak' in version `bold'
(Font)                  U/euf/m/n --> U/euf/b/n on input line 106.
LaTeX Info: Redefining \frak on input line 111.
LaTeX Info: Redefining \Bbb on input line 113.
)
("C:\Program Files (x86)\MiKTeX 2.9\tex\latex\graphics\graphicx.sty"
Package: graphicx 1999/02/16 v1.0f Enhanced LaTeX Graphics (DPC,SPQR)

("C:\Program Files (x86)\MiKTeX 2.9\tex\latex\graphics\keyval.sty"
Package: keyval 1999/03/16 v1.13 key=value parser (DPC)
\KV@toks@=\toks21
)
("C:\Program Files (x86)\MiKTeX 2.9\tex\latex\graphics\graphics.sty"
Package: graphics 2009/02/05 v1.0o Standard LaTeX Graphics (DPC,SPQR)

("C:\Program Files (x86)\MiKTeX 2.9\tex\latex\graphics\trig.sty"
Package: trig 1999/03/16 v1.09 sin cos tan (DPC)
)
("C:\Program Files (x86)\MiKTeX 2.9\tex\latex\00miktex\graphics.cfg"
File: graphics.cfg 2007/01/18 v1.5 graphics configuration of teTeX/TeXLive
)
Package graphics Info: Driver file: pdftex.def on input line 91.

("C:\Program Files (x86)\MiKTeX 2.9\tex\latex\pdftex-def\pdftex.def"
File: pdftex.def 2011/05/27 v0.06d Graphics/color for pdfTeX

("C:\Program Files (x86)\MiKTeX 2.9\tex\generic\oberdiek\infwarerr.sty"
Package: infwarerr 2010/04/08 v1.3 Providing info/warning/error messages (HO)
)
("C:\Program Files (x86)\MiKTeX 2.9\tex\generic\oberdiek\ltxcmds.sty"
Package: ltxcmds 2011/11/09 v1.22 LaTeX kernel commands for general use (HO)
)
\Gread@gobject=\count107
))
\Gin@req@height=\dimen111
\Gin@req@width=\dimen112
)
("C:\Program Files (x86)\MiKTeX 2.9\tex\latex\graphics\color.sty"
Package: color 2005/11/14 v1.0j Standard LaTeX Color (DPC)

("C:\Program Files (x86)\MiKTeX 2.9\tex\latex\00miktex\color.cfg"
File: color.cfg 2007/01/18 v1.5 color configuration of teTeX/TeXLive
)
Package color Info: Driver file: pdftex.def on input line 130.
)
("C:\Program Files (x86)\MiKTeX 2.9\tex\latex\ulem\ulem.sty"
\UL@box=\box43
\UL@hyphenbox=\box44
\UL@skip=\skip49
\UL@hook=\toks22
\UL@height=\dimen113
\UL@pe=\count108
\UL@pixel=\dimen114
\ULC@box=\box45
Package: ulem 2012/05/18
\ULdepth=\dimen115
)
("C:\Program Files (x86)\MiKTeX 2.9\tex\latex\multirow\multirow.sty"
\bigstrutjot=\dimen116
)
Class revtex4-1 Info: Patching LaTeX tabular. on input line 11.
Class revtex4-1 Info: Robustifying \LaTeX's \boldmath command on input line 11.

Class revtex4-1 Info: cite was not loaded (OK!) on input line 11.
Class revtex4-1 Info: mcite was not loaded (OK!) on input line 11.
Class revtex4-1 Info: multicol was not loaded (OK!) on input line 11.

No file editedpaper.aux.
LaTeX Font Info:    Checking defaults for OML/cmm/m/it on input line 11.
LaTeX Font Info:    ... okay on input line 11.
LaTeX Font Info:    Checking defaults for T1/cmr/m/n on input line 11.
LaTeX Font Info:    ... okay on input line 11.
LaTeX Font Info:    Checking defaults for OT1/cmr/m/n on input line 11.
LaTeX Font Info:    ... okay on input line 11.
LaTeX Font Info:    Checking defaults for OMS/cmsy/m/n on input line 11.
LaTeX Font Info:    ... okay on input line 11.
LaTeX Font Info:    Checking defaults for OMX/cmex/m/n on input line 11.
LaTeX Font Info:    ... okay on input line 11.
LaTeX Font Info:    Checking defaults for U/cmr/m/n on input line 11.
LaTeX Font Info:    ... okay on input line 11.
("C:\Program Files (x86)\MiKTeX 2.9\tex\context\base\supp-pdf.mkii"
[Loading MPS to PDF converter (version 2006.09.02).]
\scratchcounter=\count109
\scratchdimen=\dimen117
\scratchbox=\box46
\nofMPsegments=\count110
\nofMParguments=\count111
\everyMPshowfont=\toks23
\MPscratchCnt=\count112
\MPscratchDim=\dimen118
\MPnumerator=\count113
\makeMPintoPDFobject=\count114
\everyMPtoPDFconversion=\toks24
)
LaTeX Font Info:    Try loading font information for U+msa on input line 40.
 ("C:\Program Files (x86)\MiKTeX 2.9\tex\latex\amsfonts\umsa.fd"
File: umsa.fd 2013/01/14 v3.01 AMS symbols A
)
LaTeX Font Info:    Try loading font information for U+msb on input line 40.

("C:\Program Files (x86)\MiKTeX 2.9\tex\latex\amsfonts\umsb.fd"
File: umsb.fd 2013/01/14 v3.01 AMS symbols B
) [1{C:/ProgramData/MiKTeX/2.9/pdftex/config/pdftex.map}]

Package natbib Warning: Citation `newton' on page 2 undefined on input line 46.



Package natbib Warning: Citation `david' on page 2 undefined on input line 46.


Package natbib Warning: Citation `modern' on page 2 undefined on input line 48.



Package natbib Warning: Citation `teachspin' on page 2 undefined on input line 
50.

[2] <set-up.pdf, id=15, 775.55928pt x 332.65077pt>
File: set-up.pdf Graphic file (type pdf)
 <use set-up.pdf>
Package pdftex.def Info: set-up.pdf used on input line 63.
(pdftex.def)             Requested size: 433.62pt x 185.98875pt.


LaTeX Warning: Reference `set-up' on page 3 undefined on input line 67.

[3 <C:/Users/Liza/Documents/GitHub/PhotonInterferenceLab/Paper/set-up.pdf>]
<PCITdiscriminator.pdf, id=224, 381.425pt x 297.11pt>
File: PCITdiscriminator.pdf Graphic file (type pdf)

<use PCITdiscriminator.pdf>
Package pdftex.def Info: PCITdiscriminator.pdf used on input line 71.
(pdftex.def)             Requested size: 289.07999pt x 225.18484pt.
 [4 <C:/Users/Liza/Documents/GitHub/PhotonInterferenceLab/Paper/PCITdiscriminat
or.pdf>]

LaTeX Warning: Reference `PCITdiscriminator' on page 5 undefined on input line 
78.

[5]

LaTeX Warning: Reference `set-up' on page 6 undefined on input line 87.


LaTeX Warning: Reference `parameters' on page 6 undefined on input line 87.

[6]

LaTeX Warning: Reference `double_slit_plot' on page 7 undefined on input line 9
7.


LaTeX Warning: Reference `single_slits_plot' on page 7 undefined on input line 
97.

<double_slit_plot.pdf, id=247, 698.61pt x 373.395pt>
File: double_slit_plot.pdf Graphic file (type pdf)

<use double_slit_plot.pdf>
Package pdftex.def Info: double_slit_plot.pdf used on input line 101.
(pdftex.def)             Requested size: 433.62pt x 231.76459pt.


LaTeX Warning: `!h' float specifier changed to `!ht'.

<far_slit_plot.pdf, id=248, 698.61pt x 373.395pt>
File: far_slit_plot.pdf Graphic file (type pdf)
 <use far_slit_plot.pdf>
Package pdftex.def Info: far_slit_plot.pdf used on input line 109.
(pdftex.def)             Requested size: 216.81pt x 115.8823pt.

Overfull \hbox (6.21143pt too wide) in paragraph at lines 109--110
 [][] 
 []

<near_slit_plot.pdf, id=249, 698.61pt x 373.395pt>
File: near_slit_plot.pdf Graphic file (type pdf)
 <use near_slit_plot.pdf>
Package pdftex.def Info: near_slit_plot.pdf used on input line 113.
(pdftex.def)             Requested size: 216.81pt x 115.8823pt.

Overfull \hbox (6.21143pt too wide) in paragraph at lines 113--114
 [][] 
 []


LaTeX Warning: `!h' float specifier changed to `!ht'.


Package natbib Warning: Citation `wolfram' on page 7 undefined on input line 12
3.

[7]

Package natbib Warning: Citation `wolfram' on page 8 undefined on input line 12
7.

[8 <C:/Users/Liza/Documents/GitHub/PhotonInterferenceLab/Paper/double_slit_plot
.pdf> <C:/Users/Liza/Documents/GitHub/PhotonInterferenceLab/Paper/far_slit_plot
.pdf

pdfTeX warning: miktex-pdftex.exe (file C:/Users/Liza/Documents/GitHub/PhotonIn
terferenceLab/Paper/far_slit_plot.pdf): PDF inclusion: multiple pdfs with page 
group included in a single page
> <C:/Users/Liza/Documents/GitHub/PhotonInterferenceLab/Paper/near_slit_plot.pd
f

pdfTeX warning: miktex-pdftex.exe (file C:/Users/Liza/Documents/GitHub/PhotonIn
terferenceLab/Paper/near_slit_plot.pdf): PDF inclusion: multiple pdfs with page
 group included in a single page
>]

LaTeX Warning: Reference `parameters' on page 9 undefined on input line 146.

<far_slit_Fraunhofer_plot.pdf, id=318, 698.61pt x 373.395pt>
File: far_slit_Fraunhofer_plot.pdf Graphic file (type pdf)

<use far_slit_Fraunhofer_plot.pdf>
Package pdftex.def Info: far_slit_Fraunhofer_plot.pdf used on input line 151.
(pdftex.def)             Requested size: 216.81pt x 115.8823pt.

Overfull \hbox (6.21143pt too wide) in paragraph at lines 151--152
 [][] 
 []

<near_slit_Fraunhofer_plot.pdf, id=319, 698.61pt x 373.395pt>
File: near_slit_Fraunhofer_plot.pdf Graphic file (type pdf)

<use near_slit_Fraunhofer_plot.pdf>
Package pdftex.def Info: near_slit_Fraunhofer_plot.pdf used on input line 155.
(pdftex.def)             Requested size: 216.81pt x 115.8823pt.

Overfull \hbox (6.21143pt too wide) in paragraph at lines 155--156
 [][] 
 []


LaTeX Warning: Reference `parameters' on page 9 undefined on input line 157.


LaTeX Warning: Reference `parameters' on page 9 undefined on input line 157.

[9] <double_slit_Fraunhofer_plot.pdf, id=323, 698.61pt x 373.395pt>
File: double_slit_Fraunhofer_plot.pdf Graphic file (type pdf)

<use double_slit_Fraunhofer_plot.pdf>
Package pdftex.def Info: double_slit_Fraunhofer_plot.pdf used on input line 163
.
(pdftex.def)             Requested size: 433.62pt x 231.76459pt.


LaTeX Warning: `!h' float specifier changed to `!ht'.


Package natbib Warning: Citation `wolfram' on page 10 undefined on input line 1
92.

[10 <C:/Users/Liza/Documents/GitHub/PhotonInterferenceLab/Paper/far_slit_Fraunh
ofer_plot.pdf> <C:/Users/Liza/Documents/GitHub/PhotonInterferenceLab/Paper/near
_slit_Fraunhofer_plot.pdf

pdfTeX warning: miktex-pdftex.exe (file C:/Users/Liza/Documents/GitHub/PhotonIn
terferenceLab/Paper/near_slit_Fraunhofer_plot.pdf): PDF inclusion: multiple pdf
s with page group included in a single page
> <C:/Users/Liza/Documents/GitHub/PhotonInterferenceLab/Paper/double_slit_Fraun
hofer_plot.pdf

pdfTeX warning: miktex-pdftex.exe (file C:/Users/Liza/Documents/GitHub/PhotonIn
terferenceLab/Paper/double_slit_Fraunhofer_plot.pdf): PDF inclusion: multiple p
dfs with page group included in a single page
>] [11]

LaTeX Warning: Reference `Fresnel_diagram' on page 12 undefined on input line 2
12.

<fresnel_diagram.pdf, id=392, 363.00609pt x 230.83038pt>
File: fresnel_diagram.pdf Graphic file (type pdf)

<use fresnel_diagram.pdf>
Package pdftex.def Info: fresnel_diagram.pdf used on input line 216.
(pdftex.def)             Requested size: 289.07999pt x 183.82274pt.

<double_slit_Fresnel_plot.png, id=393, 1275.76625pt x 782.925pt>
File: double_slit_Fresnel_plot.png Graphic file (type png)

<use double_slit_Fresnel_plot.png>
Package pdftex.def Info: double_slit_Fresnel_plot.png used on input line 223.
(pdftex.def)             Requested size: 433.62pt x 266.10735pt.


LaTeX Warning: `!h' float specifier changed to `!ht'.

<far_slit_Fresnel_plot.png, id=394, 951.555pt x 601.24625pt>
File: far_slit_Fresnel_plot.png Graphic file (type png)

<use far_slit_Fresnel_plot.png>
Package pdftex.def Info: far_slit_Fresnel_plot.png used on input line 231.
(pdftex.def)             Requested size: 216.81pt x 136.99014pt.

Overfull \hbox (6.21143pt too wide) in paragraph at lines 231--232
 [][] 
 []

<near_slit_Fresnel_plot.png, id=395, 930.47626pt x 588.1975pt>
File: near_slit_Fresnel_plot.png Graphic file (type png)

<use near_slit_Fresnel_plot.png>
Package pdftex.def Info: near_slit_Fresnel_plot.png used on input line 235.
(pdftex.def)             Requested size: 216.81pt x 137.05067pt.

Overfull \hbox (6.21143pt too wide) in paragraph at lines 235--236
 [][] 
 []


LaTeX Warning: Reference `parameters' on page 12 undefined on input line 237.


LaTeX Warning: Reference `parameters' on page 12 undefined on input line 237.


LaTeX Warning: `!h' float specifier changed to `!ht'.


LaTeX Warning: Reference `chi-square' on page 12 undefined on input line 241.

[12 <C:/Users/Liza/Documents/GitHub/PhotonInterferenceLab/Paper/fresnel_diagram
.pdf>]

LaTeX Warning: `!h' float specifier changed to `!ht'.

[13 <C:/Users/Liza/Documents/GitHub/PhotonInterferenceLab/Paper/double_slit_Fre
snel_plot.png> <C:/Users/Liza/Documents/GitHub/PhotonInterferenceLab/Paper/far_
slit_Fresnel_plot.png> <C:/Users/Liza/Documents/GitHub/PhotonInterferenceLab/Pa
per/near_slit_Fresnel_plot.png>]

Package natbib Warning: Citation `teachspin' on page 14 undefined on input line
 264.

[14]

Package natbib Warning: Citation `teachspin' on page 15 undefined on input line
 270.

[15]

Package natbib Warning: Citation `bucky' on page 16 undefined on input line 272
.


Package natbib Warning: Citation `iwo' on page 16 undefined on input line 272.


LaTeX Warning: Reference `LastBibItem' on page 16 undefined on input line 279.

[16]
No file editedpaper.bbl.

LaTeX Warning: Reference `double_slit_plot' on page 17 undefined on input line 
293.


LaTeX Warning: Reference `single_slits_plot' on page 17 undefined on input line
 293.


Overfull \hbox (53.07864pt too wide) in paragraph at lines 295--296
[]\OT1/cmr/m/n/12 We then de-fined all the pa-ram-e-ters which would be needed 
in the fits: $\OML/cmm/m/it/12 I\OT1/cmr/m/n/12 0\OML/cmm/m/it/12 ; a; d; ; x\
OT1/cmr/m/n/12 0\OML/cmm/m/it/12 ; x\OT1/cmr/m/n/12 1\OML/cmm/m/it/12 ; x\OT1/c
mr/m/n/12 2\OML/cmm/m/it/12 ; c; D\OT1/cmr/m/n/12 1\OML/cmm/m/it/12 ; D\OT1/cmr
/m/n/12 2$. 
 []


Overfull \hbox (359.45041pt too wide) in paragraph at lines 303--303
[]\OT1/cmtt/m/n/12 g[x_] := I0*0.25*((Sin[Pi*a*Sin[(x - x0)/D2]/(lambda)]*(lamb
da/(Pi*a*Sin[(x - x0)/D2])))^2)*(Cos[Pi*d*Sin[(x - x0)/D2]/lambda]^2) + c;[] 
 []

[17]
Overfull \hbox (124.8003pt too wide) in paragraph at lines 309--309
[]\OT1/cmtt/m/n/12 h[x_] := I0*0.25*((Sin[Pi*a*Sin[(x - x1)/D2]/(lambda)]*(lamb
da/(Pi*a*Sin[(x - x1)/D2])))^2) + c;[] 
 []


Overfull \hbox (124.8003pt too wide) in paragraph at lines 315--315
[]\OT1/cmtt/m/n/12 k[x_] := I0*0.25*((Sin[Pi*a*Sin[(x - x2)/D2]/(lambda)]*(lamb
da/(Pi*a*Sin[(x - x2)/D2])))^2) + c;[] 
 []

[18]
Overfull \hbox (56.87526pt too wide) in paragraph at lines 359--359
[]\OT1/cmtt/m/n/12 dataPlot2Slit = ListPlot[data2Slit, PlotMarkers -> {Automati
c, 8}, PlotStyle -> Red];[] 
 []


Package natbib Warning: There were undefined citations.

[19]
(C:\Users\Liza\Documents\GitHub\PhotonInterferenceLab\Paper\editedpaper.aux

Package natbib Warning: Citation(s) may have changed.
(natbib)                Rerun to get citations correct.

)

LaTeX Warning: There were undefined references.


LaTeX Warning: Label(s) may have changed. Rerun to get cross-references right .


 ) 
Here is how much of TeX's memory you used:
 4035 strings out of 493921
 52989 string characters out of 3144880
 123232 words of memory out of 3000000
 7287 multiletter control sequences out of 15000+200000
 12629 words of font info for 49 fonts, out of 3000000 for 9000
 841 hyphenation exceptions out of 8191
 36i,9n,30p,1682b,325s stack positions out of 5000i,500n,10000p,200000b,50000s
<C:/Program Files (x86)/MiKTeX 2.9/fonts/type1/public/amsfonts/cm/cmbx10.pfb>
<C:/Program Files (x86)/MiKTeX 2.9/fonts/type1/public/amsfonts/cm/cmbx12.pfb><C
:/Program Files (x86)/MiKTeX 2.9/fonts/type1/public/amsfonts/cm/cmbx8.pfb><C:/P
rogram Files (x86)/MiKTeX 2.9/fonts/type1/public/amsfonts/cm/cmex10.pfb><C:/Pro
gram Files (x86)/MiKTeX 2.9/fonts/type1/public/amsfonts/cm/cmmi10.pfb><C:/Progr
am Files (x86)/MiKTeX 2.9/fonts/type1/public/amsfonts/cm/cmmi12.pfb><C:/Program
 Files (x86)/MiKTeX 2.9/fonts/type1/public/amsfonts/cm/cmmi6.pfb><C:/Program Fi
les (x86)/MiKTeX 2.9/fonts/type1/public/amsfonts/cm/cmmi8.pfb><C:/Program Files
 (x86)/MiKTeX 2.9/fonts/type1/public/amsfonts/cm/cmr10.pfb><C:/Program Files (x
86)/MiKTeX 2.9/fonts/type1/public/amsfonts/cm/cmr12.pfb><C:/Program Files (x86)
/MiKTeX 2.9/fonts/type1/public/amsfonts/cm/cmr6.pfb><C:/Program Files (x86)/MiK
TeX 2.9/fonts/type1/public/amsfonts/cm/cmr8.pfb><C:/Program Files (x86)/MiKTeX 
2.9/fonts/type1/public/amsfonts/cm/cmsy10.pfb><C:/Program Files (x86)/MiKTeX 2.
9/fonts/type1/public/amsfonts/cm/cmsy6.pfb><C:/Program Files (x86)/MiKTeX 2.9/f
onts/type1/public/amsfonts/cm/cmsy8.pfb><C:/Program Files (x86)/MiKTeX 2.9/font
s/type1/public/amsfonts/cm/cmti12.pfb><C:/Program Files (x86)/MiKTeX 2.9/fonts/
type1/public/amsfonts/cm/cmtt12.pfb>
Output written on editedpaper.pdf (19 pages, 1194122 bytes).
PDF statistics:
 521 PDF objects out of 1000 (max. 8388607)
 0 named destinations out of 1000 (max. 500000)
 61 words of extra memory for PDF output out of 10000 (max. 10000000)

