This is pdfTeX, Version 3.1415926-2.5-1.40.14 (TeX Live 2013) (format=pdflatex 2013.5.30)  26 NOV 2014 12:03
entering extended mode
 restricted \write18 enabled.
 file:line:error style messages enabled.
 %&-line parsing enabled.
**Photon_Interference.tex
(./Photon_Interference.tex
LaTeX2e <2011/06/27>
Babel <3.9f> and hyphenation patterns for 78 languages loaded.
(/usr/local/texlive/2013/texmf-dist/tex/latex/revtex/revtex4-1.cls
Document Class: revtex4-1 2010/07/25/20:33:00 4.1r (http://publish.aps.org/revtex4/ for documentation)
 Copyright (c) 2009 The American Physical Society.
 mailto:revtex@aps.org
 Licensed under the LPPL:
http://www.ctan.org/tex-archive/macros/latex/base/lppl.txt
 Arthur Ogawa <arthur_ogawa at sbcglobal dot net>
 Based on work by David Carlisle <david at dcarlisle.demon.co.uk>.
ltxutil[2010/07/25/20:33:00 4.1r utilities package (portions licensed from W. E. Baxter web at superscript.com)]
LaTeX Info: Redefining \@centercr on input line 308.
Class revtex4-1 Info: Repairing broken LaTeX eqnarray on input line 358.
\eqncolsep=\skip41
Class revtex4-1 Info: Repairing hyperref-unfriendly LaTeX definition of \mpfootnote on input line 433.
Class revtex4-1 Info: Repairing broken LateX \@sect on input line 755.
\intertabularlinepenalty=\count79
\@tbpen=\count80
\@arstrutbox@hline=\box26
Class revtex4-1 Info: Repairing broken LaTeX \@xbitor on input line 1786.
Class revtex4-1 Info: Making \typeout \long on input line 2046.
ltxfront[2010/07/25/20:33:00 4.1r frontmatter package (AO,DPC)]
\c@affil=\count81
\c@collab=\count82
\absbox=\box27
ltxgrid[2010/07/25/20:33:00 4.1r page grid package (portions licensed from W. E. Baxter web at superscript.com)]
\c@linecount=\count83
\output@latex=\toks14
\box@size@1=\box28
\box@size@2=\box29
\@protection@box=\box30
\@topmark@saved=\toks15
\footins@saved=\box31
\footins@recovered=\box32
\column@recovered=\box33
\pagesofar=\box34
\footsofar=\box35
\pagegrid@col=\count84
Class revtex4-1 Info: Overriding \@vspace, \@vspacer, \@no@pgbk, \@newline, and \\  on input line 5578.
\c@part=\count85
\c@section=\count86
\c@subsection=\count87
\c@subsubsection=\count88
\c@paragraph=\count89
\c@subparagraph=\count90
\abovecaptionskip=\skip42
\belowcaptionskip=\skip43
\c@figure=\count91
\fbox@1=\box36
\c@table=\count92
\fbox@2=\box37
\c@video=\count93
\fbox@4=\box38
\@bibdataout=\write3
\widetext@top=\box39
\widetext@bot=\box40

Class revtex4-1 Warning: No Society specified, using default society aps.

(/usr/local/texlive/2013/texmf-dist/tex/latex/revtex/aps4-1.rtx
File: aps4-1 2010/07/25/20:33:00 4.1r (http://publish.aps.org/revtex4/ for documentation)
Class revtex4-1 Info: RevTeX society APS selected on input line 31.
)
Class revtex4-1 Info: Selecting journal prb on input line 7544.
Class revtex4-1 Info: APS journal PRB selected on input line 7545.
 (/usr/local/texlive/2013/texmf-dist/tex/latex/revtex/aps12pt4-1.rtx
File: aps12pt4-1 2010/07/25/20:33:00 4.1r (http://publish.aps.org/revtex4/ for documentation)
Class revtex4-1 Info: RevTeX pointsize 12pt selected on input line 30.
) (/usr/local/texlive/2013/texmf-dist/tex/latex/textcase/textcase.sty
Package: textcase 2004/10/07 v0.07 Text only upper/lower case changing (DPC)
) (/usr/local/texlive/2013/texmf-dist/tex/latex/url/url.sty
\Urlmuskip=\muskip10
Package: url 2006/04/12  ver 3.3  Verb mode for urls, etc.
) (/usr/local/texlive/2013/texmf-dist/tex/latex/natbib/natbib.sty
Package: natbib 2010/09/13 8.31b (PWD, AO)
\bibhang=\skip44
\bibsep=\skip45
LaTeX Info: Redefining \cite on input line 694.
\c@NAT@ctr=\count94
)
Class revtex4-1 Info: Repairing natbib's \BibitemShut on input line 7549.
 (/usr/local/texlive/2013/texmf-dist/tex/latex/revtex/revsymb4-1.sty
Package: revsymb4-1 2010/07/25/20:33:00 4.1r (http://publish.aps.org/revtex4/ for documentation)
LaTeX Info: Redefining \REV@mathfrak on input line 119.
)) (/usr/local/texlive/2013/texmf-dist/tex/latex/amsmath/amsmath.sty
Package: amsmath 2013/01/14 v2.14 AMS math features
\@mathmargin=\skip46

For additional information on amsmath, use the `?' option.
(/usr/local/texlive/2013/texmf-dist/tex/latex/amsmath/amstext.sty
Package: amstext 2000/06/29 v2.01
 (/usr/local/texlive/2013/texmf-dist/tex/latex/amsmath/amsgen.sty
File: amsgen.sty 1999/11/30 v2.0
\@emptytoks=\toks16
\ex@=\dimen102
)
LaTeX Info: Redefining \text on input line 39.
) (/usr/local/texlive/2013/texmf-dist/tex/latex/amsmath/amsbsy.sty
Package: amsbsy 1999/11/29 v1.2d
\pmbraise@=\dimen103
) (/usr/local/texlive/2013/texmf-dist/tex/latex/amsmath/amsopn.sty
Package: amsopn 1999/12/14 v2.01 operator names
)
\inf@bad=\count95
LaTeX Info: Redefining \frac on input line 210.
\uproot@=\count96
\leftroot@=\count97
LaTeX Info: Redefining \overline on input line 306.
\classnum@=\count98
\DOTSCASE@=\count99
LaTeX Info: Redefining \ldots on input line 378.
LaTeX Info: Redefining \dots on input line 381.
LaTeX Info: Redefining \cdots on input line 466.
\Mathstrutbox@=\box41
\strutbox@=\box42
\big@size=\dimen104
LaTeX Font Info:    Redeclaring font encoding OML on input line 566.
LaTeX Font Info:    Redeclaring font encoding OMS on input line 567.
\macc@depth=\count100
\c@MaxMatrixCols=\count101
\dotsspace@=\muskip11
\c@parentequation=\count102
\dspbrk@lvl=\count103
\tag@help=\toks17
\row@=\count104
\column@=\count105
\maxfields@=\count106
\andhelp@=\toks18
\eqnshift@=\dimen105
\alignsep@=\dimen106
\tagshift@=\dimen107
\tagwidth@=\dimen108
\totwidth@=\dimen109
\lineht@=\dimen110
\@envbody=\toks19
\multlinegap=\skip47
\multlinetaggap=\skip48
\mathdisplay@stack=\toks20
LaTeX Info: Redefining \[ on input line 2665.
LaTeX Info: Redefining \] on input line 2666.
) (/usr/local/texlive/2013/texmf-dist/tex/latex/amsfonts/amsfonts.sty
Package: amsfonts 2013/01/14 v3.01 Basic AMSFonts support
\symAMSa=\mathgroup4
\symAMSb=\mathgroup5
LaTeX Font Info:    Overwriting math alphabet `\mathfrak' in version `bold'
(Font)                  U/euf/m/n --> U/euf/b/n on input line 106.
LaTeX Info: Redefining \frak on input line 111.
LaTeX Info: Redefining \Bbb on input line 113.
) (/usr/local/texlive/2013/texmf-dist/tex/latex/graphics/graphicx.sty
Package: graphicx 1999/02/16 v1.0f Enhanced LaTeX Graphics (DPC,SPQR)
 (/usr/local/texlive/2013/texmf-dist/tex/latex/graphics/keyval.sty
Package: keyval 1999/03/16 v1.13 key=value parser (DPC)
\KV@toks@=\toks21
) (/usr/local/texlive/2013/texmf-dist/tex/latex/graphics/graphics.sty
Package: graphics 2009/02/05 v1.0o Standard LaTeX Graphics (DPC,SPQR)
 (/usr/local/texlive/2013/texmf-dist/tex/latex/graphics/trig.sty
Package: trig 1999/03/16 v1.09 sin cos tan (DPC)
) (/usr/local/texlive/2013/texmf-dist/tex/latex/latexconfig/graphics.cfg
File: graphics.cfg 2010/04/23 v1.9 graphics configuration of TeX Live
)
Package graphics Info: Driver file: pdftex.def on input line 91.
 (/usr/local/texlive/2013/texmf-dist/tex/latex/pdftex-def/pdftex.def
File: pdftex.def 2011/05/27 v0.06d Graphics/color for pdfTeX
 (/usr/local/texlive/2013/texmf-dist/tex/generic/oberdiek/infwarerr.sty
Package: infwarerr 2010/04/08 v1.3 Providing info/warning/error messages (HO)
) (/usr/local/texlive/2013/texmf-dist/tex/generic/oberdiek/ltxcmds.sty
Package: ltxcmds 2011/11/09 v1.22 LaTeX kernel commands for general use (HO)
)
\Gread@gobject=\count107
))
\Gin@req@height=\dimen111
\Gin@req@width=\dimen112
) (/usr/local/texlive/2013/texmf-dist/tex/latex/graphics/color.sty
Package: color 2005/11/14 v1.0j Standard LaTeX Color (DPC)
 (/usr/local/texlive/2013/texmf-dist/tex/latex/latexconfig/color.cfg
File: color.cfg 2007/01/18 v1.5 color configuration of teTeX/TeXLive
)
Package color Info: Driver file: pdftex.def on input line 130.
) (/usr/local/texlive/2013/texmf-dist/tex/generic/ulem/ulem.sty
\UL@box=\box43
\UL@hyphenbox=\box44
\UL@skip=\skip49
\UL@hook=\toks22
\UL@height=\dimen113
\UL@pe=\count108
\UL@pixel=\dimen114
\ULC@box=\box45
Package: ulem 2012/05/18
\ULdepth=\dimen115
) (/usr/local/texlive/2013/texmf-dist/tex/latex/multirow/multirow.sty
\bigstrutjot=\dimen116
)
Class revtex4-1 Info: Patching LaTeX tabular. on input line 11.
Class revtex4-1 Info: Robustifying \LaTeX's \boldmath command on input line 11.
Class revtex4-1 Info: cite was not loaded (OK!) on input line 11.
Class revtex4-1 Info: mcite was not loaded (OK!) on input line 11.
Class revtex4-1 Info: multicol was not loaded (OK!) on input line 11.
 (/Users/nfortune/GitHub/PhotonInterferenceLab/Paper/.texpadtmp/Photon_Interference.aux)
\openout1 = `Photon_Interference.aux'.

LaTeX Font Info:    Checking defaults for OML/cmm/m/it on input line 11.
LaTeX Font Info:    ... okay on input line 11.
LaTeX Font Info:    Checking defaults for T1/cmr/m/n on input line 11.
LaTeX Font Info:    ... okay on input line 11.
LaTeX Font Info:    Checking defaults for OT1/cmr/m/n on input line 11.
LaTeX Font Info:    ... okay on input line 11.
LaTeX Font Info:    Checking defaults for OMS/cmsy/m/n on input line 11.
LaTeX Font Info:    ... okay on input line 11.
LaTeX Font Info:    Checking defaults for OMX/cmex/m/n on input line 11.
LaTeX Font Info:    ... okay on input line 11.
LaTeX Font Info:    Checking defaults for U/cmr/m/n on input line 11.
LaTeX Font Info:    ... okay on input line 11.
 (/usr/local/texlive/2013/texmf-dist/tex/context/base/supp-pdf.mkii
[Loading MPS to PDF converter (version 2006.09.02).]
\scratchcounter=\count109
\scratchdimen=\dimen117
\scratchbox=\box46
\nofMPsegments=\count110
\nofMParguments=\count111
\everyMPshowfont=\toks23
\MPscratchCnt=\count112
\MPscratchDim=\dimen118
\MPnumerator=\count113
\makeMPintoPDFobject=\count114
\everyMPtoPDFconversion=\toks24
) (/usr/local/texlive/2013/texmf-dist/tex/generic/oberdiek/pdftexcmds.sty
Package: pdftexcmds 2011/11/29 v0.20 Utility functions of pdfTeX for LuaTeX (HO)
 (/usr/local/texlive/2013/texmf-dist/tex/generic/oberdiek/ifluatex.sty
Package: ifluatex 2010/03/01 v1.3 Provides the ifluatex switch (HO)
Package ifluatex Info: LuaTeX not detected.
) (/usr/local/texlive/2013/texmf-dist/tex/generic/oberdiek/ifpdf.sty
Package: ifpdf 2011/01/30 v2.3 Provides the ifpdf switch (HO)
Package ifpdf Info: pdfTeX in PDF mode is detected.
)
Package pdftexcmds Info: LuaTeX not detected.
Package pdftexcmds Info: \pdf@primitive is available.
Package pdftexcmds Info: \pdf@ifprimitive is available.
Package pdftexcmds Info: \pdfdraftmode found.
) (/usr/local/texlive/2013/texmf-dist/tex/latex/oberdiek/epstopdf-base.sty
Package: epstopdf-base 2010/02/09 v2.5 Base part for package epstopdf
 (/usr/local/texlive/2013/texmf-dist/tex/latex/oberdiek/grfext.sty
Package: grfext 2010/08/19 v1.1 Manage graphics extensions (HO)
 (/usr/local/texlive/2013/texmf-dist/tex/generic/oberdiek/kvdefinekeys.sty
Package: kvdefinekeys 2011/04/07 v1.3 Define keys (HO)
)) (/usr/local/texlive/2013/texmf-dist/tex/latex/oberdiek/kvoptions.sty
Package: kvoptions 2011/06/30 v3.11 Key value format for package options (HO)
 (/usr/local/texlive/2013/texmf-dist/tex/generic/oberdiek/kvsetkeys.sty
Package: kvsetkeys 2012/04/25 v1.16 Key value parser (HO)
 (/usr/local/texlive/2013/texmf-dist/tex/generic/oberdiek/etexcmds.sty
Package: etexcmds 2011/02/16 v1.5 Avoid name clashes with e-TeX commands (HO)
Package etexcmds Info: Could not find \expanded.
(etexcmds)             That can mean that you are not using pdfTeX 1.50 or
(etexcmds)             that some package has redefined \expanded.
(etexcmds)             In the latter case, load this package earlier.
)))
Package grfext Info: Graphics extension search list:
(grfext)             [.png,.pdf,.jpg,.mps,.jpeg,.jbig2,.jb2,.PNG,.PDF,.JPG,.JPEG,.JBIG2,.JB2,.eps]
(grfext)             \AppendGraphicsExtensions on input line 452.
 (/usr/local/texlive/2013/texmf-dist/tex/latex/latexconfig/epstopdf-sys.cfg
File: epstopdf-sys.cfg 2010/07/13 v1.3 Configuration of (r)epstopdf for TeX Live
))
\openout3 = `Photon_InterferenceNotes.bib'.

LaTeX Font Info:    Try loading font information for U+msa on input line 40.
 (/usr/local/texlive/2013/texmf-dist/tex/latex/amsfonts/umsa.fd
File: umsa.fd 2013/01/14 v3.01 AMS symbols A
)
LaTeX Font Info:    Try loading font information for U+msb on input line 40.
 (/usr/local/texlive/2013/texmf-dist/tex/latex/amsfonts/umsb.fd
File: umsb.fd 2013/01/14 v3.01 AMS symbols B
) [1{/usr/local/texlive/2013/texmf-var/fonts/map/pdftex/updmap/pdftex.map}] [2] [3] [4] [5] <set-up.pdf, id=28, 793.99933pt x 269.84413pt>
File: set-up.pdf Graphic file (type pdf)
 <use set-up.pdf>
Package pdftex.def Info: set-up.pdf used on input line 78.
(pdftex.def)             Requested size: 433.62pt x 147.36888pt.
 [6 <./set-up.pdf>] <double_slit_plot.pdf, id=202, 698.61pt x 373.395pt>
File: double_slit_plot.pdf Graphic file (type pdf)
 <use double_slit_plot.pdf>
Package pdftex.def Info: double_slit_plot.pdf used on input line 89.
(pdftex.def)             Requested size: 433.62pt x 231.76459pt.
 <far_slit_plot.pdf, id=203, 698.61pt x 373.395pt>
File: far_slit_plot.pdf Graphic file (type pdf)
 <use far_slit_plot.pdf>
Package pdftex.def Info: far_slit_plot.pdf used on input line 97.
(pdftex.def)             Requested size: 216.81pt x 115.8823pt.

Overfull \hbox (6.21143pt too wide) in paragraph at lines 97--98
 [][] 
 []

<near_slit_plot.pdf, id=204, 698.61pt x 373.395pt>
File: near_slit_plot.pdf Graphic file (type pdf)
 <use near_slit_plot.pdf>
Package pdftex.def Info: near_slit_plot.pdf used on input line 101.
(pdftex.def)             Requested size: 216.81pt x 115.8823pt.

Overfull \hbox (6.21143pt too wide) in paragraph at lines 101--102
 [][] 
 []


LaTeX Warning: `!h' float specifier changed to `!ht'.

[7 <./double_slit_plot.pdf>] [8 <./far_slit_plot.pdf> <./near_slit_plot.pdf

pdfTeX warning: /usr/texbin/pdflatex (file ./near_slit_plot.pdf): PDF inclusion: multiple pdfs with page group included in a single page
>] <far_slit_Fraunhofer_plot.pdf, id=276, 698.61pt x 373.395pt>
File: far_slit_Fraunhofer_plot.pdf Graphic file (type pdf)
 <use far_slit_Fraunhofer_plot.pdf>
Package pdftex.def Info: far_slit_Fraunhofer_plot.pdf used on input line 141.
(pdftex.def)             Requested size: 216.81pt x 115.8823pt.

Overfull \hbox (6.21143pt too wide) in paragraph at lines 141--142
 [][] 
 []

<near_slit_Fraunhofer_plot.pdf, id=277, 698.61pt x 373.395pt>
File: near_slit_Fraunhofer_plot.pdf Graphic file (type pdf)
 <use near_slit_Fraunhofer_plot.pdf>
Package pdftex.def Info: near_slit_Fraunhofer_plot.pdf used on input line 145.
(pdftex.def)             Requested size: 216.81pt x 115.8823pt.

Overfull \hbox (6.21143pt too wide) in paragraph at lines 145--146
 [][] 
 []


LaTeX Warning: `!h' float specifier changed to `!ht'.

<double_slit_Fraunhofer_plot.pdf, id=278, 698.61pt x 373.395pt>
File: double_slit_Fraunhofer_plot.pdf Graphic file (type pdf)
 <use double_slit_Fraunhofer_plot.pdf>
Package pdftex.def Info: double_slit_Fraunhofer_plot.pdf used on input line 153.
(pdftex.def)             Requested size: 433.62pt x 231.76459pt.


LaTeX Warning: `!h' float specifier changed to `!ht'.


LaTeX Warning: `!h' float specifier changed to `!ht'.

[9] [10 <./far_slit_Fraunhofer_plot.pdf> <./near_slit_Fraunhofer_plot.pdf

pdfTeX warning: /usr/texbin/pdflatex (file ./near_slit_Fraunhofer_plot.pdf): PDF inclusion: multiple pdfs with page group included in a single page
> <./double_slit_Fraunhofer_plot.pdf

pdfTeX warning: /usr/texbin/pdflatex (file ./double_slit_Fraunhofer_plot.pdf): PDF inclusion: multiple pdfs with page group included in a single page
>] [11] <Fresnel_diagram.png, id=350, 312.41719pt x 205.5178pt>
File: Fresnel_diagram.png Graphic file (type png)
 <use Fresnel_diagram.png>
Package pdftex.def Info: Fresnel_diagram.png used on input line 219.
(pdftex.def)             Requested size: 289.07999pt x 190.16998pt.
 <double_slit_Fresnel_plot.pdf, id=352, 761.84625pt x 412.54124pt>
File: double_slit_Fresnel_plot.pdf Graphic file (type pdf)
 <use double_slit_Fresnel_plot.pdf>
Package pdftex.def Info: double_slit_Fresnel_plot.pdf used on input line 226.
(pdftex.def)             Requested size: 433.62pt x 234.80473pt.


LaTeX Warning: `!h' float specifier changed to `!ht'.

<far_slit_Fresnel_plot.pdf, id=353, 711.65875pt x 381.425pt>
File: far_slit_Fresnel_plot.pdf Graphic file (type pdf)
 <use far_slit_Fresnel_plot.pdf>
Package pdftex.def Info: far_slit_Fresnel_plot.pdf used on input line 234.
(pdftex.def)             Requested size: 216.81pt x 116.19768pt.

Overfull \hbox (6.21143pt too wide) in paragraph at lines 234--235
 [][] 
 []

<near_slit_Fresnel_plot.pdf, id=354, 711.65875pt x 381.425pt>
File: near_slit_Fresnel_plot.pdf Graphic file (type pdf)
 <use near_slit_Fresnel_plot.pdf>
Package pdftex.def Info: near_slit_Fresnel_plot.pdf used on input line 238.
(pdftex.def)             Requested size: 216.81pt x 116.19768pt.

Overfull \hbox (6.21143pt too wide) in paragraph at lines 238--239
 [][] 
 []


LaTeX Warning: `!h' float specifier changed to `!ht'.

[12 <./Fresnel_diagram.png>]
LaTeX Font Info:    Try loading font information for OML+cmr on input line 251.
 (/usr/local/texlive/2013/texmf-dist/tex/latex/base/omlcmr.fd
File: omlcmr.fd 1999/05/25 v2.5h Standard LaTeX font definitions
)
LaTeX Font Info:    Font shape `OML/cmr/m/n' in size <10.95> not available
(Font)              Font shape `OML/cmm/m/it' tried instead on input line 251.


LaTeX Warning: `!h' float specifier changed to `!ht'.

[13 <./double_slit_Fresnel_plot.pdf> <./far_slit_Fresnel_plot.pdf

pdfTeX warning: /usr/texbin/pdflatex (file ./far_slit_Fresnel_plot.pdf): PDF inclusion: multiple pdfs with page group included in a single page
> <./near_slit_Fresnel_plot.pdf

pdfTeX warning: /usr/texbin/pdflatex (file ./near_slit_Fresnel_plot.pdf): PDF inclusion: multiple pdfs with page group included in a single page
>] [14] [15] [16]
No file Photon_Interference.bbl.
[17] (/Users/nfortune/GitHub/PhotonInterferenceLab/Paper/.texpadtmp/Photon_Interference.aux) )
(\end occurred inside a group at level 1)

### simple group (level 1) entered at line 132 ({)
### bottom level 
Here is how much of TeX's memory you used:
 4402 strings out of 493315
 60078 string characters out of 6137904
 138685 words of memory out of 5000000
 7777 multiletter control sequences out of 15000+600000
 12013 words of font info for 47 fonts, out of 8000000 for 9000
 957 hyphenation exceptions out of 8191
 38i,9n,30p,2103b,382s stack positions out of 5000i,500n,10000p,200000b,80000s
</usr/local/texlive/2013/texmf-dist/fonts/type1/public/amsfonts/cm/cmbx10.pfb></usr/local/texlive/2013/texmf-dist/fonts/type1/public/amsfonts/cm/cmbx12.pfb></usr/local/texlive/2013/texmf-dist/fonts/type1/public/amsfonts/cm/cmex10.pfb></usr/local/texlive/2013/texmf-dist/fonts/type1/public/amsfonts/cm/cmmi10.pfb></usr/local/texlive/2013/texmf-dist/fonts/type1/public/amsfonts/cm/cmmi12.pfb></usr/local/texlive/2013/texmf-dist/fonts/type1/public/amsfonts/cm/cmmi6.pfb></usr/local/texlive/2013/texmf-dist/fonts/type1/public/amsfonts/cm/cmmi8.pfb></usr/local/texlive/2013/texmf-dist/fonts/type1/public/amsfonts/cm/cmr10.pfb></usr/local/texlive/2013/texmf-dist/fonts/type1/public/amsfonts/cm/cmr12.pfb></usr/local/texlive/2013/texmf-dist/fonts/type1/public/amsfonts/cm/cmr6.pfb></usr/local/texlive/2013/texmf-dist/fonts/type1/public/amsfonts/cm/cmr8.pfb></usr/local/texlive/2013/texmf-dist/fonts/type1/public/amsfonts/cm/cmsy10.pfb></usr/local/texlive/2013/texmf-dist/fonts/type1/public/amsfonts/cm/cmsy6.pfb></usr/local/texlive/2013/texmf-dist/fonts/type1/public/amsfonts/cm/cmsy8.pfb></usr/local/texlive/2013/texmf-dist/fonts/type1/public/amsfonts/cm/cmti12.pfb></usr/local/texlive/2013/texmf-dist/fonts/type1/public/amsfonts/cm/cmtt12.pfb>
Output written on /Users/nfortune/GitHub/PhotonInterferenceLab/Paper/.texpadtmp/Photon_Interference.pdf (17 pages, 745407 bytes).
PDF statistics:
 489 PDF objects out of 1000 (max. 8388607)
 306 compressed objects within 4 object streams
 0 named destinations out of 1000 (max. 500000)
 56 words of extra memory for PDF output out of 10000 (max. 10000000)

